<?xml version="1.0" encoding="UTF-8"?>
<!-- Generated by org.testng.reporters.JUnitReportReporter -->
<testsuite hostname="TriLaptop" failures="0" tests="2" name="com.in28minutes.webdriver.basics.WebDriverBasicsLocatorsWithNameTest" time="10.296" errors="0" timestamp="13 Apr 2025 09:52:20 GMT" skipped="1">
  <testcase classname="com.in28minutes.webdriver.basics.WebDriverBasicsLocatorsWithNameTest" name="testGetInformationAboutEmail" time="10.296"/>
  <testcase classname="com.in28minutes.webdriver.basics.WebDriverBasicsLocatorsWithNameTest" name="testGetInformationAboutSubmitButton">
    <skipped/>
  </testcase> <!-- testGetInformationAboutSubmitButton -->
</testsuite> <!-- com.in28minutes.webdriver.basics.WebDriverBasicsLocatorsWithNameTest -->
