<?xml version="1.0" encoding="UTF-8"?>
<!-- Generated by org.testng.reporters.JUnitReportReporter -->
<testsuite hostname="TriLaptop" failures="0" tests="1" name="com.in28minutes.webdriver.basics.Form.WebDriverBasicsLocatorsWithNameTest" time="26.588" errors="0" timestamp="13 Apr 2025 09:34:25 GMT" skipped="0">
  <testcase classname="com.in28minutes.webdriver.basics.Form.WebDriverBasicsLocatorsWithNameTest" name="login" time="26.588"/>
</testsuite> <!-- com.in28minutes.webdriver.basics.Form.WebDriverBasicsLocatorsWithNameTest -->
