<?xml version="1.0" encoding="UTF-8"?>
<!-- Generated by org.testng.reporters.JUnitReportReporter -->
<testsuite hostname="TriLaptop" failures="0" tests="1" name="com.in28minutes.webdriver.basics.WebDriverBasicsLocatorsTest" time="10.906" errors="0" timestamp="08 Apr 2025 08:18:20 GMT" skipped="0">
  <testcase classname="com.in28minutes.webdriver.basics.WebDriverBasicsLocatorsTest" name="testGetInfoSubmitButton" time="10.906"/>
</testsuite> <!-- com.in28minutes.webdriver.basics.WebDriverBasicsLocatorsTest -->
