<?xml version="1.0" encoding="UTF-8"?>
<!-- Generated by org.testng.reporters.JUnitReportReporter -->
<testsuite hostname="TriLaptop" failures="0" tests="1" name="com.in28minutes.webdriver.basics.WebDriverBasicsLocatorsWithNamesTest" time="12.260" errors="0" timestamp="08 Apr 2025 09:39:23 GMT" skipped="0">
  <testcase classname="com.in28minutes.webdriver.basics.WebDriverBasicsLocatorsWithNamesTest" name="testGetInfoName" time="12.260"/>
</testsuite> <!-- com.in28minutes.webdriver.basics.WebDriverBasicsLocatorsWithNamesTest -->
