<?xml version="1.0" encoding="UTF-8"?>
<!-- Generated by org.testng.reporters.JUnitReportReporter -->
<testsuite hostname="TriLaptop" failures="0" tests="1" name="com.in28minutes.webdriver.basics.WebDriverBasicsLocatorsWithIdTest" time="14.469" errors="0" timestamp="08 Apr 2025 09:41:56 GMT" skipped="0">
  <testcase classname="com.in28minutes.webdriver.basics.WebDriverBasicsLocatorsWithIdTest" name="testGetInfoSubmitButton" time="14.469"/>
</testsuite> <!-- com.in28minutes.webdriver.basics.WebDriverBasicsLocatorsWithIdTest -->
