<?xml version="1.0" encoding="UTF-8"?>
<!-- Generated by org.testng.reporters.JUnitReportReporter -->
<testsuite hostname="TriLaptop" failures="0" tests="1" name="com.in28minutes.webdriver.login.FirstWebApplicationLoginTest" time="26.197" errors="0" timestamp="13 Apr 2025 10:01:35 GMT" skipped="0">
  <testcase classname="com.in28minutes.webdriver.login.FirstWebApplicationLoginTest" name="login" time="26.197"/>
</testsuite> <!-- com.in28minutes.webdriver.login.FirstWebApplicationLoginTest -->
